edu_system/build/app/intermediates/manifest_merge_blame_file/debug/manifest-merger-blame-debug-report.txt
1<?xml version="1.0" encoding="utf-8"?>
2<manifest xmlns:android="http://schemas.android.com/apk/res/android"
3    package="com.example.edu_system"
4    android:versionCode="1"
5    android:versionName="1.0.0" >
6
7    <uses-sdk
8        android:minSdkVersion="21"
9        android:targetSdkVersion="28" />
10    <!--
11         Flutter needs it to communicate with the running application
12         to allow setting breakpoints, to provide hot reload, etc.
13    -->
14    <uses-permission android:name="android.permission.INTERNET" />
14-->src\debug\AndroidManifest.xml:6:5-66
14-->src\debug\AndroidManifest.xml:6:22-64
15    <uses-permission android:name="android.permission.READ_EXTERNAL_STORAGE" />
15-->[:image_picker] AndroidManifest.xml:7:5-80
15-->[:image_picker] AndroidManifest.xml:7:22-77
16    <uses-permission android:name="android.permission.WRITE_EXTERNAL_STORAGE" />
16-->[:image_picker] AndroidManifest.xml:8:5-81
16-->[:image_picker] AndroidManifest.xml:8:22-78
17    <uses-permission android:name="android.permission.ACCESS_NETWORK_STATE" />
17-->[com.google.android.gms:play-services-measurement:17.2.2] AndroidManifest.xml:24:5-79
17-->[com.google.android.gms:play-services-measurement:17.2.2] AndroidManifest.xml:24:22-76
18    <uses-permission android:name="android.permission.WAKE_LOCK" />
18-->[com.google.android.gms:play-services-measurement:17.2.2] AndroidManifest.xml:25:5-68
18-->[com.google.android.gms:play-services-measurement:17.2.2] AndroidManifest.xml:25:22-65
19    <uses-permission android:name="com.google.android.finsky.permission.BIND_GET_INSTALL_REFERRER_SERVICE" /> <!-- Required by older versions of Google Play services to create IID tokens -->
19-->[com.google.android.gms:play-services-measurement:17.2.2] AndroidManifest.xml:26:5-110
19-->[com.google.android.gms:play-services-measurement:17.2.2] AndroidManifest.xml:26:22-107
20    <uses-permission android:name="com.google.android.c2dm.permission.RECEIVE" />
20-->[com.google.firebase:firebase-iid:20.0.2] AndroidManifest.xml:26:5-82
20-->[com.google.firebase:firebase-iid:20.0.2] AndroidManifest.xml:26:22-79
21    <!--
22 io.flutter.app.FlutterApplication is an android.app.Application that
23         calls FlutterMain.startInitialization(this); in its onCreate method.
24         In most cases you can leave this as-is, but you if you want to provide
25         additional functionality it is fine to subclass or reimplement
26         FlutterApplication and put your custom class here.
27    -->
28    <application
28-->src\main\AndroidManifest.xml:8:5-46:19
29        android:name="io.flutter.app.FlutterApplication"
29-->src\main\AndroidManifest.xml:9:9-57
30        android:appComponentFactory="androidx.core.app.CoreComponentFactory"
30-->[androidx.core:core:1.1.0] AndroidManifest.xml:24:18-86
31        android:debuggable="true"
32        android:icon="@mipmap/ic_launcher"
32-->src\main\AndroidManifest.xml:11:9-43
33        android:label="edu_system" >
33-->src\main\AndroidManifest.xml:10:9-35
34        <activity
34-->src\main\AndroidManifest.xml:12:9-40:20
35            android:name="com.example.edu_system.MainActivity"
35-->src\main\AndroidManifest.xml:13:13-41
36            android:configChanges="orientation|keyboardHidden|keyboard|screenSize|smallestScreenSize|locale|layoutDirection|fontScale|screenLayout|density|uiMode"
36-->src\main\AndroidManifest.xml:16:13-163
37            android:hardwareAccelerated="true"
37-->src\main\AndroidManifest.xml:17:13-47
38            android:launchMode="singleTop"
38-->src\main\AndroidManifest.xml:14:13-43
39            android:theme="@style/LaunchTheme"
39-->src\main\AndroidManifest.xml:15:13-47
40            android:windowSoftInputMode="adjustResize" >
40-->src\main\AndroidManifest.xml:18:13-55
41
42            <!--
43                 Specifies an Android theme to apply to this Activity as soon as
44                 the Android process has started. This theme is visible to the user
45                 while the Flutter UI initializes. After that, this theme continues
46                 to determine the Window background behind the Flutter UI.
47            -->
48            <meta-data
48-->src\main\AndroidManifest.xml:23:13-26:17
49                android:name="io.flutter.embedding.android.NormalTheme"
49-->src\main\AndroidManifest.xml:24:15-70
50                android:resource="@style/NormalTheme" />
50-->src\main\AndroidManifest.xml:25:15-52
51            <!--
52                 Displays an Android View that continues showing the launch screen
53                 Drawable until Flutter paints its first frame, then this splash
54                 screen fades out. A splash screen is useful to avoid any visual
55                 gap between the end of Android's launch screen and the painting of
56                 Flutter's first frame.
57            -->
58            <meta-data
58-->src\main\AndroidManifest.xml:32:13-35:17
59                android:name="io.flutter.embedding.android.SplashScreenDrawable"
59-->src\main\AndroidManifest.xml:33:15-79
60                android:resource="@drawable/launch_background" />
60-->src\main\AndroidManifest.xml:34:15-61
61
62            <intent-filter>
62-->src\main\AndroidManifest.xml:36:13-39:29
63                <action android:name="android.intent.action.MAIN" />
63-->src\main\AndroidManifest.xml:37:17-68
63-->src\main\AndroidManifest.xml:37:25-66
64
65                <category android:name="android.intent.category.LAUNCHER" />
65-->src\main\AndroidManifest.xml:38:17-76
65-->src\main\AndroidManifest.xml:38:27-74
66            </intent-filter>
67        </activity>
68        <!--
69             Don't delete the meta-data below.
70             This is used by the Flutter tool to generate GeneratedPluginRegistrant.java
71        -->
72        <meta-data
72-->src\main\AndroidManifest.xml:43:9-45:33
73            android:name="flutterEmbedding"
73-->src\main\AndroidManifest.xml:44:13-44
74            android:value="2" />
74-->src\main\AndroidManifest.xml:45:13-30
75
76        <service
76-->[:firebase_storage] AndroidManifest.xml:8:9-12:19
77            android:name="com.google.firebase.components.ComponentDiscoveryService"
77-->[:firebase_storage] AndroidManifest.xml:8:18-89
78            android:directBootAware="true"
78-->[com.google.firebase:firebase-common:19.3.0] AndroidManifest.xml:34:13-43
79            android:exported="false" >
79-->[com.google.firebase:firebase-auth:19.2.0] AndroidManifest.xml:35:13-37
80            <meta-data
80-->[:firebase_storage] AndroidManifest.xml:9:13-11:85
81                android:name="com.google.firebase.components:io.flutter.plugins.firebase.storage.FlutterFirebaseAppRegistrar"
81-->[:firebase_storage] AndroidManifest.xml:10:17-126
82                android:value="com.google.firebase.components.ComponentRegistrar" />
82-->[:firebase_storage] AndroidManifest.xml:11:17-82
83            <meta-data
83-->[:firebase_auth] AndroidManifest.xml:9:13-11:85
84                android:name="com.google.firebase.components:io.flutter.plugins.firebaseauth.FlutterFirebaseAppRegistrar"
84-->[:firebase_auth] AndroidManifest.xml:10:17-122
85                android:value="com.google.firebase.components.ComponentRegistrar" />
85-->[:firebase_auth] AndroidManifest.xml:11:17-82
86            <meta-data
86-->[:cloud_firestore] AndroidManifest.xml:9:13-11:85
87                android:name="com.google.firebase.components:io.flutter.plugins.firebase.cloudfirestore.FlutterFirebaseAppRegistrar"
87-->[:cloud_firestore] AndroidManifest.xml:10:17-133
88                android:value="com.google.firebase.components.ComponentRegistrar" />
88-->[:cloud_firestore] AndroidManifest.xml:11:17-82
89            <meta-data
89-->[:firebase_core] AndroidManifest.xml:9:13-11:85
90                android:name="com.google.firebase.components:io.flutter.plugins.firebase.core.FlutterFirebaseAppRegistrar"
90-->[:firebase_core] AndroidManifest.xml:10:17-123
91                android:value="com.google.firebase.components.ComponentRegistrar" />
91-->[:firebase_core] AndroidManifest.xml:11:17-82
92            <meta-data
92-->[com.google.firebase:firebase-auth:19.2.0] AndroidManifest.xml:36:13-38:85
93                android:name="com.google.firebase.components:com.google.firebase.auth.FirebaseAuthRegistrar"
93-->[com.google.firebase:firebase-auth:19.2.0] AndroidManifest.xml:37:17-109
94                android:value="com.google.firebase.components.ComponentRegistrar" />
94-->[com.google.firebase:firebase-auth:19.2.0] AndroidManifest.xml:38:17-82
95            <meta-data
95-->[com.google.android.gms:play-services-measurement-api:17.2.2] AndroidManifest.xml:30:13-32:85
96                android:name="com.google.firebase.components:com.google.firebase.analytics.connector.internal.AnalyticsConnectorRegistrar"
96-->[com.google.android.gms:play-services-measurement-api:17.2.2] AndroidManifest.xml:31:17-139
97                android:value="com.google.firebase.components.ComponentRegistrar" />
97-->[com.google.android.gms:play-services-measurement-api:17.2.2] AndroidManifest.xml:32:17-82
98            <meta-data
98-->[com.google.firebase:firebase-storage:17.0.0] AndroidManifest.xml:31:13-33:85
99                android:name="com.google.firebase.components:com.google.firebase.storage.StorageRegistrar"
99-->[com.google.firebase:firebase-storage:17.0.0] AndroidManifest.xml:32:17-107
100                android:value="com.google.firebase.components.ComponentRegistrar" />
100-->[com.google.firebase:firebase-storage:17.0.0] AndroidManifest.xml:33:17-82
101            <meta-data
101-->[com.google.firebase:firebase-firestore:21.3.0] AndroidManifest.xml:20:13-22:85
102                android:name="com.google.firebase.components:com.google.firebase.firestore.FirestoreRegistrar"
102-->[com.google.firebase:firebase-firestore:21.3.0] AndroidManifest.xml:21:17-111
103                android:value="com.google.firebase.components.ComponentRegistrar" />
103-->[com.google.firebase:firebase-firestore:21.3.0] AndroidManifest.xml:22:17-82
104            <meta-data
104-->[com.google.firebase:firebase-iid:20.0.2] AndroidManifest.xml:32:13-34:85
105                android:name="com.google.firebase.components:com.google.firebase.iid.Registrar"
105-->[com.google.firebase:firebase-iid:20.0.2] AndroidManifest.xml:33:17-96
106                android:value="com.google.firebase.components.ComponentRegistrar" />
106-->[com.google.firebase:firebase-iid:20.0.2] AndroidManifest.xml:34:17-82
107        </service>
108
109        <provider
109-->[:image_picker] AndroidManifest.xml:11:9-19:20
110            android:name="io.flutter.plugins.imagepicker.ImagePickerFileProvider"
110-->[:image_picker] AndroidManifest.xml:12:13-82
111            android:authorities="com.example.edu_system.flutter.image_provider"
111-->[:image_picker] AndroidManifest.xml:13:13-74
112            android:exported="false"
112-->[:image_picker] AndroidManifest.xml:14:13-37
113            android:grantUriPermissions="true" >
113-->[:image_picker] AndroidManifest.xml:15:13-47
114            <meta-data
114-->[:image_picker] AndroidManifest.xml:16:13-18:75
115                android:name="android.support.FILE_PROVIDER_PATHS"
115-->[:image_picker] AndroidManifest.xml:17:17-67
116                android:resource="@xml/flutter_image_picker_file_paths" />
116-->[:image_picker] AndroidManifest.xml:18:17-72
117        </provider>
118
119        <activity
119-->[com.google.firebase:firebase-auth:19.2.0] AndroidManifest.xml:24:9-31:50
120            android:name="com.google.firebase.auth.internal.FederatedSignInActivity"
120-->[com.google.firebase:firebase-auth:19.2.0] AndroidManifest.xml:25:13-85
121            android:excludeFromRecents="true"
121-->[com.google.firebase:firebase-auth:19.2.0] AndroidManifest.xml:26:13-46
122            android:exported="true"
122-->[com.google.firebase:firebase-auth:19.2.0] AndroidManifest.xml:27:13-36
123            android:launchMode="singleTask"
123-->[com.google.firebase:firebase-auth:19.2.0] AndroidManifest.xml:28:13-44
124            android:permission="com.google.firebase.auth.api.gms.permission.LAUNCH_FEDERATED_SIGN_IN"
124-->[com.google.firebase:firebase-auth:19.2.0] AndroidManifest.xml:29:13-102
125            android:theme="@android:style/Theme.Translucent.NoTitleBar" />
125-->[com.google.firebase:firebase-auth:19.2.0] AndroidManifest.xml:30:13-72
126
127        <receiver
127-->[com.google.android.gms:play-services-measurement:17.2.2] AndroidManifest.xml:29:9-33:20
128            android:name="com.google.android.gms.measurement.AppMeasurementReceiver"
128-->[com.google.android.gms:play-services-measurement:17.2.2] AndroidManifest.xml:30:13-85
129            android:enabled="true"
129-->[com.google.android.gms:play-services-measurement:17.2.2] AndroidManifest.xml:31:13-35
130            android:exported="false" >
130-->[com.google.android.gms:play-services-measurement:17.2.2] AndroidManifest.xml:32:13-37
131        </receiver>
132        <receiver
132-->[com.google.android.gms:play-services-measurement:17.2.2] AndroidManifest.xml:34:9-42:20
133            android:name="com.google.android.gms.measurement.AppMeasurementInstallReferrerReceiver"
133-->[com.google.android.gms:play-services-measurement:17.2.2] AndroidManifest.xml:35:13-100
134            android:enabled="true"
134-->[com.google.android.gms:play-services-measurement:17.2.2] AndroidManifest.xml:36:13-35
135            android:exported="true"
135-->[com.google.android.gms:play-services-measurement:17.2.2] AndroidManifest.xml:37:13-36
136            android:permission="android.permission.INSTALL_PACKAGES" >
136-->[com.google.android.gms:play-services-measurement:17.2.2] AndroidManifest.xml:38:13-69
137            <intent-filter>
137-->[com.google.android.gms:play-services-measurement:17.2.2] AndroidManifest.xml:39:13-41:29
138                <action android:name="com.android.vending.INSTALL_REFERRER" />
138-->[com.google.android.gms:play-services-measurement:17.2.2] AndroidManifest.xml:40:17-79
138-->[com.google.android.gms:play-services-measurement:17.2.2] AndroidManifest.xml:40:25-76
139            </intent-filter>
140        </receiver>
141
142        <service
142-->[com.google.android.gms:play-services-measurement:17.2.2] AndroidManifest.xml:44:9-47:40
143            android:name="com.google.android.gms.measurement.AppMeasurementService"
143-->[com.google.android.gms:play-services-measurement:17.2.2] AndroidManifest.xml:45:13-84
144            android:enabled="true"
144-->[com.google.android.gms:play-services-measurement:17.2.2] AndroidManifest.xml:46:13-35
145            android:exported="false" />
145-->[com.google.android.gms:play-services-measurement:17.2.2] AndroidManifest.xml:47:13-37
146        <service
146-->[com.google.android.gms:play-services-measurement:17.2.2] AndroidManifest.xml:48:9-52:72
147            android:name="com.google.android.gms.measurement.AppMeasurementJobService"
147-->[com.google.android.gms:play-services-measurement:17.2.2] AndroidManifest.xml:49:13-87
148            android:enabled="true"
148-->[com.google.android.gms:play-services-measurement:17.2.2] AndroidManifest.xml:50:13-35
149            android:exported="false"
149-->[com.google.android.gms:play-services-measurement:17.2.2] AndroidManifest.xml:51:13-37
150            android:permission="android.permission.BIND_JOB_SERVICE" />
150-->[com.google.android.gms:play-services-measurement:17.2.2] AndroidManifest.xml:52:13-69
151
152        <activity
152-->[com.google.android.gms:play-services-auth:16.0.1] AndroidManifest.xml:23:9-27:75
153            android:name="com.google.android.gms.auth.api.signin.internal.SignInHubActivity"
153-->[com.google.android.gms:play-services-auth:16.0.1] AndroidManifest.xml:24:13-93
154            android:excludeFromRecents="true"
154-->[com.google.android.gms:play-services-auth:16.0.1] AndroidManifest.xml:25:13-46
155            android:exported="false"
155-->[com.google.android.gms:play-services-auth:16.0.1] AndroidManifest.xml:26:13-37
156            android:theme="@android:style/Theme.Translucent.NoTitleBar" />
156-->[com.google.android.gms:play-services-auth:16.0.1] AndroidManifest.xml:27:13-72
157        <!--
158            Service handling Google Sign-In user revocation. For apps that do not integrate with
159            Google Sign-In, this service will never be started.
160        -->
161        <service
161-->[com.google.android.gms:play-services-auth:16.0.1] AndroidManifest.xml:33:9-36:110
162            android:name="com.google.android.gms.auth.api.signin.RevocationBoundService"
162-->[com.google.android.gms:play-services-auth:16.0.1] AndroidManifest.xml:34:13-89
163            android:exported="true"
163-->[com.google.android.gms:play-services-auth:16.0.1] AndroidManifest.xml:35:13-36
164            android:permission="com.google.android.gms.auth.api.signin.permission.REVOCATION_NOTIFICATION" />
164-->[com.google.android.gms:play-services-auth:16.0.1] AndroidManifest.xml:36:13-107
165
166        <receiver
166-->[com.google.firebase:firebase-iid:20.0.2] AndroidManifest.xml:37:9-44:20
167            android:name="com.google.firebase.iid.FirebaseInstanceIdReceiver"
167-->[com.google.firebase:firebase-iid:20.0.2] AndroidManifest.xml:38:13-78
168            android:exported="true"
168-->[com.google.firebase:firebase-iid:20.0.2] AndroidManifest.xml:39:13-36
169            android:permission="com.google.android.c2dm.permission.SEND" >
169-->[com.google.firebase:firebase-iid:20.0.2] AndroidManifest.xml:40:13-73
170            <intent-filter>
170-->[com.google.firebase:firebase-iid:20.0.2] AndroidManifest.xml:41:13-43:29
171                <action android:name="com.google.android.c2dm.intent.RECEIVE" />
171-->[com.google.firebase:firebase-iid:20.0.2] AndroidManifest.xml:42:17-81
171-->[com.google.firebase:firebase-iid:20.0.2] AndroidManifest.xml:42:25-78
172            </intent-filter>
173        </receiver>
174
175        <provider
175-->[com.google.firebase:firebase-common:19.3.0] AndroidManifest.xml:26:9-30:39
176            android:name="com.google.firebase.provider.FirebaseInitProvider"
176-->[com.google.firebase:firebase-common:19.3.0] AndroidManifest.xml:27:13-77
177            android:authorities="com.example.edu_system.firebaseinitprovider"
177-->[com.google.firebase:firebase-common:19.3.0] AndroidManifest.xml:28:13-72
178            android:exported="false"
178-->[com.google.firebase:firebase-common:19.3.0] AndroidManifest.xml:29:13-37
179            android:initOrder="100" />
179-->[com.google.firebase:firebase-common:19.3.0] AndroidManifest.xml:30:13-36
180
181        <activity
181-->[com.google.android.gms:play-services-base:17.1.0] AndroidManifest.xml:23:9-26:75
182            android:name="com.google.android.gms.common.api.GoogleApiActivity"
182-->[com.google.android.gms:play-services-base:17.1.0] AndroidManifest.xml:24:13-79
183            android:exported="false"
183-->[com.google.android.gms:play-services-base:17.1.0] AndroidManifest.xml:25:13-37
184            android:theme="@android:style/Theme.Translucent.NoTitleBar" />
184-->[com.google.android.gms:play-services-base:17.1.0] AndroidManifest.xml:26:13-72
185
186        <meta-data
186-->[com.google.android.gms:play-services-basement:17.0.0] AndroidManifest.xml:23:9-25:69
187            android:name="com.google.android.gms.version"
187-->[com.google.android.gms:play-services-basement:17.0.0] AndroidManifest.xml:24:13-58
188            android:value="@integer/google_play_services_version" />
188-->[com.google.android.gms:play-services-basement:17.0.0] AndroidManifest.xml:25:13-66
189    </application>
190
191</manifest>